2023-05-23T17:34:50+00:00 CRITICAL Uncaught ArgumentCountError: 3 arguments are required, 2 given in C:\xampp\htdocs\ecm\wp-admin\includes\class-bulk-upgrader-skin.php:156
Stack trace:
#0 C:\xampp\htdocs\ecm\wp-admin\includes\class-bulk-upgrader-skin.php(156): sprintf('%1$s installed ...', 'Contact Form 7')
#1 C:\xampp\htdocs\ecm\wp-content\plugins\woostify-sites-library\includes\class-tgm-plugin-activation.php(3646): Bulk_Upgrader_Skin->after('Contact Form 7')
#2 C:\xampp\htdocs\ecm\wp-admin\includes\class-wp-upgrader.php(841): TGMPA_Bulk_Installer_Skin->after()
#3 C:\xampp\htdocs\ecm\wp-content\plugins\woostify-sites-library\includes\class-tgm-plugin-activation.php(3266): WP_Upgrader->run(Array)
#4 C:\xampp\htdocs\ecm\wp-content\plugins\woostify-sites-library\includes\class-tgm-plugin-activation.php(3371): TGMPA_Bulk_Installer->run(Array)
#5 C:\xampp\htdocs\ecm\wp-content\plugins\woostify-sites-library\includes\class-tgm-plugin-activation.php(2985): TGMPA_Bulk_Installer->bulk_install(Array)
#6 C:\xampp\htdocs\ecm\wp-content\plugins\woostify-sites-library\includes\class-tgm-plugin-activation.php(751): TGMPA_List_Table->process_bulk_actions()
#7 C:\xampp\htdocs\ecm\wp-includes\class-wp-hook.php(308): TGM_Plugin_Activation->install_plugins_page('')
#8 C:\xampp\htdocs\ecm\wp-includes\class-wp-hook.php(332): WP_Hook->apply_filters('', Array)
#9 C:\xampp\htdocs\ecm\wp-includes\plugin.php(517): WP_Hook->do_action(Array)
#10 C:\xampp\htdocs\ecm\wp-admin\admin.php(259): do_action('plugins_page_tg...')
#11 C:\xampp\htdocs\ecm\wp-admin\plugins.php(10): require_once('C:\\xampp\\htdocs...')
#12 {main}
  thrown in C:\xampp\htdocs\ecm\wp-admin\includes\class-bulk-upgrader-skin.php on line 156

2023-05-23T17:35:14+00:00 CRITICAL Uncaught ArgumentCountError: 3 arguments are required, 2 given in C:\xampp\htdocs\ecm\wp-admin\includes\class-bulk-upgrader-skin.php:156
Stack trace:
#0 C:\xampp\htdocs\ecm\wp-admin\includes\class-bulk-upgrader-skin.php(156): sprintf('%1$s installed ...', 'Elementor')
#1 C:\xampp\htdocs\ecm\wp-content\plugins\woostify-sites-library\includes\class-tgm-plugin-activation.php(3646): Bulk_Upgrader_Skin->after('Elementor')
#2 C:\xampp\htdocs\ecm\wp-admin\includes\class-wp-upgrader.php(841): TGMPA_Bulk_Installer_Skin->after()
#3 C:\xampp\htdocs\ecm\wp-content\plugins\woostify-sites-library\includes\class-tgm-plugin-activation.php(3266): WP_Upgrader->run(Array)
#4 C:\xampp\htdocs\ecm\wp-content\plugins\woostify-sites-library\includes\class-tgm-plugin-activation.php(3371): TGMPA_Bulk_Installer->run(Array)
#5 C:\xampp\htdocs\ecm\wp-content\plugins\woostify-sites-library\includes\class-tgm-plugin-activation.php(2985): TGMPA_Bulk_Installer->bulk_install(Array)
#6 C:\xampp\htdocs\ecm\wp-content\plugins\woostify-sites-library\includes\class-tgm-plugin-activation.php(751): TGMPA_List_Table->process_bulk_actions()
#7 C:\xampp\htdocs\ecm\wp-includes\class-wp-hook.php(308): TGM_Plugin_Activation->install_plugins_page('')
#8 C:\xampp\htdocs\ecm\wp-includes\class-wp-hook.php(332): WP_Hook->apply_filters('', Array)
#9 C:\xampp\htdocs\ecm\wp-includes\plugin.php(517): WP_Hook->do_action(Array)
#10 C:\xampp\htdocs\ecm\wp-admin\admin.php(259): do_action('plugins_page_tg...')
#11 C:\xampp\htdocs\ecm\wp-admin\plugins.php(10): require_once('C:\\xampp\\htdocs...')
#12 {main}
  thrown in C:\xampp\htdocs\ecm\wp-admin\includes\class-bulk-upgrader-skin.php on line 156

2023-05-23T17:35:35+00:00 CRITICAL Uncaught ArgumentCountError: 3 arguments are required, 2 given in C:\xampp\htdocs\ecm\wp-admin\includes\class-bulk-upgrader-skin.php:156
Stack trace:
#0 C:\xampp\htdocs\ecm\wp-admin\includes\class-bulk-upgrader-skin.php(156): sprintf('%1$s installed ...', 'Instagram Feed')
#1 C:\xampp\htdocs\ecm\wp-content\plugins\woostify-sites-library\includes\class-tgm-plugin-activation.php(3646): Bulk_Upgrader_Skin->after('Instagram Feed')
#2 C:\xampp\htdocs\ecm\wp-admin\includes\class-wp-upgrader.php(841): TGMPA_Bulk_Installer_Skin->after()
#3 C:\xampp\htdocs\ecm\wp-content\plugins\woostify-sites-library\includes\class-tgm-plugin-activation.php(3266): WP_Upgrader->run(Array)
#4 C:\xampp\htdocs\ecm\wp-content\plugins\woostify-sites-library\includes\class-tgm-plugin-activation.php(3371): TGMPA_Bulk_Installer->run(Array)
#5 C:\xampp\htdocs\ecm\wp-content\plugins\woostify-sites-library\includes\class-tgm-plugin-activation.php(2985): TGMPA_Bulk_Installer->bulk_install(Array)
#6 C:\xampp\htdocs\ecm\wp-content\plugins\woostify-sites-library\includes\class-tgm-plugin-activation.php(751): TGMPA_List_Table->process_bulk_actions()
#7 C:\xampp\htdocs\ecm\wp-includes\class-wp-hook.php(308): TGM_Plugin_Activation->install_plugins_page('')
#8 C:\xampp\htdocs\ecm\wp-includes\class-wp-hook.php(332): WP_Hook->apply_filters('', Array)
#9 C:\xampp\htdocs\ecm\wp-includes\plugin.php(517): WP_Hook->do_action(Array)
#10 C:\xampp\htdocs\ecm\wp-admin\admin.php(259): do_action('plugins_page_tg...')
#11 C:\xampp\htdocs\ecm\wp-admin\plugins.php(10): require_once('C:\\xampp\\htdocs...')
#12 {main}
  thrown in C:\xampp\htdocs\ecm\wp-admin\includes\class-bulk-upgrader-skin.php on line 156

2023-05-23T17:36:00+00:00 CRITICAL Uncaught ArgumentCountError: 3 arguments are required, 2 given in C:\xampp\htdocs\ecm\wp-admin\includes\class-bulk-upgrader-skin.php:156
Stack trace:
#0 C:\xampp\htdocs\ecm\wp-admin\includes\class-bulk-upgrader-skin.php(156): sprintf('%1$s installed ...', 'TI WooCommerce ...')
#1 C:\xampp\htdocs\ecm\wp-content\plugins\woostify-sites-library\includes\class-tgm-plugin-activation.php(3646): Bulk_Upgrader_Skin->after('TI WooCommerce ...')
#2 C:\xampp\htdocs\ecm\wp-admin\includes\class-wp-upgrader.php(841): TGMPA_Bulk_Installer_Skin->after()
#3 C:\xampp\htdocs\ecm\wp-content\plugins\woostify-sites-library\includes\class-tgm-plugin-activation.php(3266): WP_Upgrader->run(Array)
#4 C:\xampp\htdocs\ecm\wp-content\plugins\woostify-sites-library\includes\class-tgm-plugin-activation.php(3371): TGMPA_Bulk_Installer->run(Array)
#5 C:\xampp\htdocs\ecm\wp-content\plugins\woostify-sites-library\includes\class-tgm-plugin-activation.php(2985): TGMPA_Bulk_Installer->bulk_install(Array)
#6 C:\xampp\htdocs\ecm\wp-content\plugins\woostify-sites-library\includes\class-tgm-plugin-activation.php(751): TGMPA_List_Table->process_bulk_actions()
#7 C:\xampp\htdocs\ecm\wp-includes\class-wp-hook.php(308): TGM_Plugin_Activation->install_plugins_page('')
#8 C:\xampp\htdocs\ecm\wp-includes\class-wp-hook.php(332): WP_Hook->apply_filters('', Array)
#9 C:\xampp\htdocs\ecm\wp-includes\plugin.php(517): WP_Hook->do_action(Array)
#10 C:\xampp\htdocs\ecm\wp-admin\admin.php(259): do_action('plugins_page_tg...')
#11 C:\xampp\htdocs\ecm\wp-admin\plugins.php(10): require_once('C:\\xampp\\htdocs...')
#12 {main}
  thrown in C:\xampp\htdocs\ecm\wp-admin\includes\class-bulk-upgrader-skin.php on line 156

2023-05-23T17:36:25+00:00 CRITICAL Uncaught ArgumentCountError: 3 arguments are required, 2 given in C:\xampp\htdocs\ecm\wp-admin\includes\class-bulk-upgrader-skin.php:156
Stack trace:
#0 C:\xampp\htdocs\ecm\wp-admin\includes\class-bulk-upgrader-skin.php(156): sprintf('%1$s installed ...', 'Variation Swatc...')
#1 C:\xampp\htdocs\ecm\wp-content\plugins\woostify-sites-library\includes\class-tgm-plugin-activation.php(3646): Bulk_Upgrader_Skin->after('Variation Swatc...')
#2 C:\xampp\htdocs\ecm\wp-admin\includes\class-wp-upgrader.php(841): TGMPA_Bulk_Installer_Skin->after()
#3 C:\xampp\htdocs\ecm\wp-content\plugins\woostify-sites-library\includes\class-tgm-plugin-activation.php(3266): WP_Upgrader->run(Array)
#4 C:\xampp\htdocs\ecm\wp-content\plugins\woostify-sites-library\includes\class-tgm-plugin-activation.php(3371): TGMPA_Bulk_Installer->run(Array)
#5 C:\xampp\htdocs\ecm\wp-content\plugins\woostify-sites-library\includes\class-tgm-plugin-activation.php(2985): TGMPA_Bulk_Installer->bulk_install(Array)
#6 C:\xampp\htdocs\ecm\wp-content\plugins\woostify-sites-library\includes\class-tgm-plugin-activation.php(751): TGMPA_List_Table->process_bulk_actions()
#7 C:\xampp\htdocs\ecm\wp-includes\class-wp-hook.php(308): TGM_Plugin_Activation->install_plugins_page('')
#8 C:\xampp\htdocs\ecm\wp-includes\class-wp-hook.php(332): WP_Hook->apply_filters('', Array)
#9 C:\xampp\htdocs\ecm\wp-includes\plugin.php(517): WP_Hook->do_action(Array)
#10 C:\xampp\htdocs\ecm\wp-admin\admin.php(259): do_action('plugins_page_tg...')
#11 C:\xampp\htdocs\ecm\wp-admin\plugins.php(10): require_once('C:\\xampp\\htdocs...')
#12 {main}
  thrown in C:\xampp\htdocs\ecm\wp-admin\includes\class-bulk-upgrader-skin.php on line 156

2023-05-23T17:55:46+00:00 CRITICAL Uncaught TypeError: voku\helper\HtmlDomParser::loadHtml(): Argument #1 ($html) must be of type string, bool given, called in C:\xampp\htdocs\ecm\wp-content\plugins\simply-static\vendor\voku\simple_html_dom\src\voku\helper\HtmlDomParser.php on line 228 and defined in C:\xampp\htdocs\ecm\wp-content\plugins\simply-static\vendor\voku\simple_html_dom\src\voku\helper\HtmlDomParser.php:870
Stack trace:
#0 C:\xampp\htdocs\ecm\wp-content\plugins\simply-static\vendor\voku\simple_html_dom\src\voku\helper\HtmlDomParser.php(228): voku\helper\HtmlDomParser->loadHtml(false, NULL)
#1 C:\xampp\htdocs\ecm\wp-content\plugins\simply-static\src\class-ss-url-extractor.php(337): voku\helper\HtmlDomParser::__callStatic('str_get_html', Array)
#2 C:\xampp\htdocs\ecm\wp-content\plugins\simply-static\src\class-ss-url-extractor.php(179): Simply_Static\Url_Extractor->extract_and_replace_urls_in_html()
#3 C:\xampp\htdocs\ecm\wp-content\plugins\simply-static\src\tasks\class-ss-fetch-urls-task.php(140): Simply_Static\Url_Extractor->extract_and_update_urls()
#4 C:\xampp\htdocs\ecm\wp-content\plugins\simply-static\src\tasks\class-ss-fetch-urls-task.php(108): Simply_Static\Fetch_Urls_Task->handle_200_response(Object(Simply_Static\Page), true, true)
#5 C:\xampp\htdocs\ecm\wp-content\plugins\simply-static\src\class-ss-archive-creation-job.php(142): Simply_Static\Fetch_Urls_Task->perform()
#6 C:\xampp\htdocs\ecm\wp-content\plugins\woocommerce\includes\libraries\wp-background-process.php(301): Simply_Static\Archive_Creation_Job->task('fetch_urls')
#7 C:\xampp\htdocs\ecm\wp-content\plugins\woocommerce\includes\libraries\wp-background-process.php(175): WP_Background_Process->handle()
#8 C:\xampp\htdocs\ecm\wp-includes\class-wp-hook.php(308): WP_Background_Process->maybe_handle('')
#9 C:\xampp\htdocs\ecm\wp-includes\class-wp-hook.php(332): WP_Hook->apply_filters('', Array)
#10 C:\xampp\htdocs\ecm\wp-includes\plugin.php(517): WP_Hook->do_action(Array)
#11 C:\xampp\htdocs\ecm\wp-admin\admin-ajax.php(203): do_action('wp_ajax_nopriv_...')
#12 {main}
  thrown in C:\xampp\htdocs\ecm\wp-content\plugins\simply-static\vendor\voku\simple_html_dom\src\voku\helper\HtmlDomParser.php on line 870

